<test-run id="2" testcasecount="0" result="Passed" start-time="2024-03-04 12:05:40.193979" end-time="2024-03-04 12:05:40.506896" duration="0" total="0" passed="0" failed="0" inconclusive="0" skipped="0" asserts="0" clr-version="3.10.12 (main, Nov 20 2023, 15:14:05) [GCC 11.4.0]" engine-version="3.6.2"><command-line>/root/.venv/devtools/lib/python3.10/site-packages/pytest/__main__.py -p vscode_pytest --collect-only ansible_collections</command-line><filter><test re="0">ansible_collections</test></filter><test-suite id="ansible_collections/ansiblesharp/az/tests/units/test_cloud_config.py::Test_CloudConfig" name="ansible_collections/ansiblesharp/az/tests/units/test_cloud_config.py::Test_CloudConfig" fullname="ansible_collections/ansiblesharp/az/tests/units/test_cloud_config.py::Test_CloudConfig" methodname="" classname="" runstate="Runnable" type="Assembly" testcasecount="0" result="Passed" label="" start-time="1-01-01 00:00:00.000000" end-time="1-01-01 00:00:00.000000" duration="0.0" asserts="0" total="0" passed="0" failed="0" warnings="0" inconclusive="0" skipped="0"><properties><property name="python_version" value="3.10.12 (main, Nov 20 2023, 15:14:05) [GCC 11.4.0]" /></properties><environment framework-version="3.6.2" clr-version="3.10.12 (main, Nov 20 2023, 15:14:05) [GCC 11.4.0]" os-version="5.15.133.1-microsoft-standard-WSL2" platform="Linux" cwd="/root/repos/deixei/ansible-sharp" machine-name="x86_64" user="" user-domain="" culture="en_US" uiculture="en_US" os-architecture="64bit" /></test-suite><test-suite id="ansible_collections/ansiblesharp/common/tests/units/test_monitoring_and_telemetry.py::Test_MonAndTelemetry" name="ansible_collections/ansiblesharp/common/tests/units/test_monitoring_and_telemetry.py::Test_MonAndTelemetry" fullname="ansible_collections/ansiblesharp/common/tests/units/test_monitoring_and_telemetry.py::Test_MonAndTelemetry" methodname="" classname="" runstate="Runnable" type="Assembly" testcasecount="0" result="Passed" label="" start-time="1-01-01 00:00:00.000000" end-time="1-01-01 00:00:00.000000" duration="0.0" asserts="0" total="0" passed="0" failed="0" warnings="0" inconclusive="0" skipped="0"><properties><property name="python_version" value="3.10.12 (main, Nov 20 2023, 15:14:05) [GCC 11.4.0]" /></properties><environment framework-version="3.6.2" clr-version="3.10.12 (main, Nov 20 2023, 15:14:05) [GCC 11.4.0]" os-version="5.15.133.1-microsoft-standard-WSL2" platform="Linux" cwd="/root/repos/deixei/ansible-sharp" machine-name="x86_64" user="" user-domain="" culture="en_US" uiculture="en_US" os-architecture="64bit" /></test-suite><test-suite id="ansible_collections/ansiblesharp/common/tests/units/test_base_config.py::Test_BaseConfig" name="ansible_collections/ansiblesharp/common/tests/units/test_base_config.py::Test_BaseConfig" fullname="ansible_collections/ansiblesharp/common/tests/units/test_base_config.py::Test_BaseConfig" methodname="" classname="" runstate="Runnable" type="Assembly" testcasecount="0" result="Passed" label="" start-time="1-01-01 00:00:00.000000" end-time="1-01-01 00:00:00.000000" duration="0.0" asserts="0" total="0" passed="0" failed="0" warnings="0" inconclusive="0" skipped="0"><properties><property name="python_version" value="3.10.12 (main, Nov 20 2023, 15:14:05) [GCC 11.4.0]" /></properties><environment framework-version="3.6.2" clr-version="3.10.12 (main, Nov 20 2023, 15:14:05) [GCC 11.4.0]" os-version="5.15.133.1-microsoft-standard-WSL2" platform="Linux" cwd="/root/repos/deixei/ansible-sharp" machine-name="x86_64" user="" user-domain="" culture="en_US" uiculture="en_US" os-architecture="64bit" /></test-suite></test-run>